<?xml version="1.0" encoding="UTF-8"?>
<testsuite name="tests.SearchTest" tests="2" skipped="0" failures="0" errors="0" timestamp="2023-12-18T21:02:43" hostname="Sergejs-MBP-2" time="12.408">
  <properties/>
  <testcase name="findCatFromSearchField" classname="tests.SearchTest" time="0.622"/>
  <testcase name="findCatFromSearchFieldWithLogin" classname="tests.SearchTest" time="5.001"/>
  <system-out><![CDATA[]]></system-out>
  <system-err><![CDATA[Dec 18, 2023 11:02:44 PM org.openqa.selenium.os.ExternalProcess$Builder lambda$start$0
WARNING: failed to copy the output of process 55953
java.io.IOException: Stream closed
	at java.base/java.io.BufferedInputStream.getBufIfOpen(BufferedInputStream.java:176)
	at java.base/java.io.BufferedInputStream.read(BufferedInputStream.java:342)
	at java.base/java.io.InputStream.transferTo(InputStream.java:704)
	at org.openqa.selenium.os.ExternalProcess$Builder.lambda$start$0(ExternalProcess.java:209)
	at java.base/java.lang.Thread.run(Thread.java:829)

Dec 18, 2023 11:02:56 PM org.openqa.selenium.os.ExternalProcess$Builder lambda$start$0
WARNING: failed to copy the output of process 55968
java.io.IOException: Stream closed
	at java.base/java.io.BufferedInputStream.getBufIfOpen(BufferedInputStream.java:176)
	at java.base/java.io.BufferedInputStream.read(BufferedInputStream.java:342)
	at java.base/java.io.InputStream.transferTo(InputStream.java:704)
	at org.openqa.selenium.os.ExternalProcess$Builder.lambda$start$0(ExternalProcess.java:209)
	at java.base/java.lang.Thread.run(Thread.java:829)
]]></system-err>
</testsuite>
