<?xml version="1.0" encoding="UTF-8"?>
<testsuite name="tests.SuccessfulLoginTest" tests="1" skipped="0" failures="0" errors="0" timestamp="2023-12-18T22:16:54" hostname="Sergejs-MBP-2" time="3.86">
  <properties/>
  <testcase name="testLoginAndVerifyWelcomeMessage" classname="tests.SuccessfulLoginTest" time="3.86"/>
  <system-out><![CDATA[]]></system-out>
  <system-err><![CDATA[Dec 19, 2023 12:16:59 AM org.openqa.selenium.os.ExternalProcess$Builder lambda$start$0
WARNING: failed to copy the output of process 61997
java.io.IOException: Stream closed
	at java.base/java.io.BufferedInputStream.getBufIfOpen(BufferedInputStream.java:176)
	at java.base/java.io.BufferedInputStream.read(BufferedInputStream.java:342)
	at java.base/java.io.InputStream.transferTo(InputStream.java:704)
	at org.openqa.selenium.os.ExternalProcess$Builder.lambda$start$0(ExternalProcess.java:209)
	at java.base/java.lang.Thread.run(Thread.java:829)

]]></system-err>
</testsuite>
